Processing shadcn-ui-blocks...
Cloning into '/tmp/tmp.kzqOOk7Nzl'...
Done shadcn-ui-blocks
Processing pdfx...
Cloning into '/tmp/tmp.o2bMJL4ip9'...
No component directory found in https://github.com/akii09/pdfx
Processing invoify...
Cloning into '/tmp/tmp.4vs62ECMxo'...
Done invoify
Processing invoify...
Cloning into '/tmp/tmp.OmF8WMBZcZ'...
Done invoify
Processing rapidlaunch...
Cloning into '/tmp/tmp.C0HvdI4oTU'...
No component directory found in https://github.com/alifarooq9/rapidlaunch
Processing shadcn-spinner...
Cloning into '/tmp/tmp.6PhDiznwrQ'...
Done shadcn-spinner
Processing shadcn-spinner...
Cloning into '/tmp/tmp.1et7K1pGkh'...
Done shadcn-spinner
Processing BentoHub...
Cloning into '/tmp/tmp.GfjWaO6C0K'...
Done BentoHub
Processing BentoHub...
Cloning into '/tmp/tmp.s7QSSgmH91'...
Done BentoHub
Processing andrewsam.xyz...
Cloning into '/tmp/tmp.gyf1atiTEP'...
Done andrewsam.xyz
Processing Hikari...
Cloning into '/tmp/tmp.OjQPkG1HSA'...
Done Hikari
Processing shadcn-packaged...
Cloning into '/tmp/tmp.nfSgBOpVb3'...
No component directory found in https://github.com/anuoua/shadcn-packaged
Processing linked-chart...
Cloning into '/tmp/tmp.MdJX7LHJdY'...
Done linked-chart
Processing design-system-template...
Cloning into '/tmp/tmp.jTGJt9pKmQ'...
No component directory found in https://github.com/arevalolance/design-system-template
Processing design-system-template...
Cloning into '/tmp/tmp.izGK3qrAsN'...
No component directory found in https://github.com/arevalolance/design-system-template
Processing next-shadcn-admin-dashboard...
Cloning into '/tmp/tmp.G2EuV506Rf'...
Done next-shadcn-admin-dashboard
Processing spectrum-ui...
Cloning into '/tmp/tmp.gyE91VVTri'...
Done spectrum-ui
Processing maily.to...
Cloning into '/tmp/tmp.WOujX5u4G0'...
No component directory found in https://github.com/arikchakma/maily.to
Processing maily.to...
Cloning into '/tmp/tmp.mujfqZ1Ts8'...
No component directory found in https://github.com/arikchakma/maily.to
Processing shadcnship...
Cloning into '/tmp/tmp.8gD4AG8Men'...
Done shadcnship
Processing openhive...
Cloning into '/tmp/tmp.0OIP1pVN5H'...
Done openhive
Processing stocks...
Cloning into '/tmp/tmp.p7BMua0io6'...
Done stocks
Processing stocks...
Cloning into '/tmp/tmp.KigzX0WcQj'...
Done stocks
Processing mkdocs-shadcn...
Cloning into '/tmp/tmp.pq1grqsfOJ'...
No component directory found in https://github.com/asiffer/mkdocs-shadcn
Processing anonypost...
Cloning into '/tmp/tmp.sy9HrlBhwS'...
Done anonypost
Processing anonypost...
Cloning into '/tmp/tmp.eAUJ89AYrj'...
Done anonypost
Processing enjoytown...
Cloning into '/tmp/tmp.MYZkuYxHEu'...
fatal: could not read Username for 'https://github.com': No such device or address
Clone failed: https://github.com/avalynndev/enjoytown
Processing imprompt...
Cloning into '/tmp/tmp.JSq2S3hcQ2'...
Done imprompt
Processing memergez...
Cloning into '/tmp/tmp.ouJQ79ep3A'...
Done memergez
Processing memergez...
Cloning into '/tmp/tmp.kAR0KGbXbn'...
Done memergez
Processing shadcn-rails...
Cloning into '/tmp/tmp.YhHzN8zhat'...
No component directory found in https://github.com/aviflombaum/shadcn-rails
Processing shadcn-rails...
Cloning into '/tmp/tmp.wSBiqShQKT'...
No component directory found in https://github.com/aviflombaum/shadcn-rails
Processing shadcn-pricing-page...
Cloning into '/tmp/tmp.XRgNfoGAIm'...
Done shadcn-pricing-page
Processing sharable-form-builder...
Cloning into '/tmp/tmp.QLgqH1XGBu'...
Done sharable-form-builder
Processing sharable-form-builder...
Cloning into '/tmp/tmp.S0J8U3NXHZ'...
Done sharable-form-builder
Processing fluid-tailwind...
Cloning into '/tmp/tmp.F12BU2X8dd'...
No component directory found in https://github.com/barvian/fluid-tailwind
Processing number-flow...
Cloning into '/tmp/tmp.TKIqaTYWUH'...
No component directory found in https://github.com/barvian/number-flow
Processing scificn-ui...
Cloning into '/tmp/tmp.BPnijJMe6w'...
Done scificn-ui
Processing awesome-shadcn-ui...
Cloning into '/tmp/tmp.fuJm2fdeYI'...
Done awesome-shadcn-ui
Processing downdevdetector...
Cloning into '/tmp/tmp.1hNGArWGiL'...
fatal: could not read Username for 'https://github.com': No such device or address
Clone failed: https://github.com/birobirobiro/downdevdetector
Processing styleseed...
Cloning into '/tmp/tmp.YPTQFyIUaS'...
No component directory found in https://github.com/bitjaru/styleseed
Processing relivator-nextjs-template...
Cloning into '/tmp/tmp.LkHdfabUkS'...
Done relivator-nextjs-template
Processing salad_ui...
Cloning into '/tmp/tmp.CxAy5Ihncj'...
No component directory found in https://github.com/bluzky/salad_ui
Processing salad_ui...
Cloning into '/tmp/tmp.t9zwyrGwGy'...
No component directory found in https://github.com/bluzky/salad_ui
Processing shadcn-location-picker...
Cloning into '/tmp/tmp.MdByc9UO2u'...
No component directory found in https://github.com/brielov/shadcn-location-picker
Processing craft...
Cloning into '/tmp/tmp.vIwIPLYOPu'...
No component directory found in https://github.com/brijr/craft
Processing bolhadev.chat...
Cloning into '/tmp/tmp.ugAZ7Wf9Ka'...
No component directory found in https://github.com/brunocroh/bolhadev.chat
Processing shadcn-next-link-pagination...
Cloning into '/tmp/tmp.0DGUtW51ML'...
Done shadcn-next-link-pagination
Processing components...
Cloning into '/tmp/tmp.Erd1doTfub'...
Done components
Processing awesome-shadcn-ui...
Cloning into '/tmp/tmp.GiHOa4w5So'...
No component directory found in https://github.com/bytefer/awesome-shadcn-ui
Processing shadcn-react-number-scrubber...
Cloning into '/tmp/tmp.XjzVqKnibz'...
Done shadcn-react-number-scrubber
Processing cella...
Cloning into '/tmp/tmp.OSyYl8aEcw'...
No component directory found in https://github.com/cellajs/cella
Processing calendar...
Cloning into '/tmp/tmp.AFHT2yx97z'...
Done calendar
Processing motionvariants...
Cloning into '/tmp/tmp.HNzw0UPk60'...
Done motionvariants
Processing motionvariants...
Cloning into '/tmp/tmp.pl8eWslcLF'...
Done motionvariants
Processing animata...
Cloning into '/tmp/tmp.uInE0GyKlD'...
Done animata
Processing billui...
Cloning into '/tmp/tmp.EkslRiZJI5'...
Done billui
Processing ui...
Cloning into '/tmp/tmp.ifQBcpLcUE'...
Done ui
Processing shadcn-drag-and-drop...
Cloning into '/tmp/tmp.x48CKC5ZYg'...
Done shadcn-drag-and-drop
Processing opendocs...
Cloning into '/tmp/tmp.7eu0Tv93WH'...
No component directory found in https://github.com/daltonmenezes/opendocs
Processing shadcn-cal-com...
Cloning into '/tmp/tmp.l6UFWMjrl1'...
Done shadcn-cal-com
Processing shadcn-linear-combobox...
Cloning into '/tmp/tmp.2ZQlHkKPD8'...
Done shadcn-linear-combobox
Processing shadcn-linear-combobox...
Cloning into '/tmp/tmp.3uhnKud3K5'...
Done shadcn-linear-combobox
Processing shadcn-phone-input...
Cloning into '/tmp/tmp.CTgPnkohPN'...
Done shadcn-phone-input
Processing stepperize...
Cloning into '/tmp/tmp.RBZZ0FSn8r'...
No component directory found in https://github.com/damianricobelli/stepperize
Processing stepperize...
Cloning into '/tmp/tmp.cM1xFGHVAq'...
No component directory found in https://github.com/damianricobelli/stepperize
Processing shadcn-data-table-advanced-col-opions...
Cloning into '/tmp/tmp.Iul1Y9t2hD'...
fatal: unable to access 'https://github.com/danielagg/shadcn-data-table-advanced-col-opions/': Failed to connect to github.com port 443 after 133551 ms: Connection timed out
Clone failed: https://github.com/danielagg/shadcn-data-table-advanced-col-opions
Processing shadcn-data-table-resize-columns...
Cloning into '/tmp/tmp.YKejlRxS0E'...
Done shadcn-data-table-resize-columns
Processing page-ui...
Cloning into '/tmp/tmp.aiHLfeeuIg'...
Done page-ui
Processing shadcn-kotlin...
Cloning into '/tmp/tmp.WNuQuDwgjH'...
No component directory found in https://github.com/dead8309/shadcn-kotlin
Processing shadcn-kotlin...
Cloning into '/tmp/tmp.JB7SlwuKGO'...
No component directory found in https://github.com/dead8309/shadcn-kotlin
Processing translate-app...
Cloning into '/tmp/tmp.xMNvtAfKgb'...
Done translate-app
Processing translate-app...
Cloning into '/tmp/tmp.09hhsARKns'...
Done translate-app
Processing billingsdk...
Cloning into '/tmp/tmp.QORuj2QaId'...
Done billingsdk
Processing tanstack-ui-table...
Cloning into '/tmp/tmp.IjOToEXaly'...
Done tanstack-ui-table
Processing next-stepper...
Cloning into '/tmp/tmp.n6PLgJeaz3'...
Done next-stepper
Processing next-stepper...
Cloning into '/tmp/tmp.gcOyYPwXoo'...
Done next-stepper
Processing neobrutalism-components...
Cloning into '/tmp/tmp.iVykgSELJp'...
Done neobrutalism-components
Processing neobrutalism-components...
Cloning into '/tmp/tmp.GXlr4dShkR'...
Done neobrutalism-components
Processing vaul...
Cloning into '/tmp/tmp.p7VuxQRVKL'...
Done vaul
Processing blocks...
Cloning into '/tmp/tmp.6akYwUaY6C'...
Done blocks
Processing shadcn-play...
Cloning into '/tmp/tmp.dxQYjb9396'...
Done shadcn-play
Processing NextFaster...
Cloning into '/tmp/tmp.14NT2BazmK'...
Done NextFaster
Processing ui...
Cloning into '/tmp/tmp.0nvSAneWC4'...
No component directory found in https://github.com/fellipeutaka/ui
Processing shadcn-date-picker...
Cloning into '/tmp/tmp.AonYVdxJID'...
Done shadcn-date-picker
Processing t3-app-template...
Cloning into '/tmp/tmp.OAqhzjGkMN'...
Done t3-app-template
Processing t3-app-template...
Cloning into '/tmp/tmp.dWyJ8WGHhm'...
Done t3-app-template
Processing convex-saas...
Cloning into '/tmp/tmp.xjpbN5ZaJ1'...
Done convex-saas
Processing calendar...
Cloning into '/tmp/tmp.H7zp4uvFg2'...
Done calendar
Processing kd...
Cloning into '/tmp/tmp.EB6L62ZPqO'...
Done kd
Processing kd...
Cloning into '/tmp/tmp.gy3WlnYdBj'...
Done kd
Processing spartan...
Cloning into '/tmp/tmp.UezLbcYJmG'...
No component directory found in https://github.com/goetzrobin/spartan
Processing spartan...
Cloning into '/tmp/tmp.V8t8SpnRqN'...
No component directory found in https://github.com/goetzrobin/spartan
Processing shadcn-calendar-heatmap...
Cloning into '/tmp/tmp.P92OChBG15'...
Done shadcn-calendar-heatmap
Processing form-builder...
Cloning into '/tmp/tmp.xrPhOJ2FuG'...
Done form-builder
Processing dialog-stack...
Cloning into '/tmp/tmp.LErPJQdo2N'...
fatal: could not read Username for 'https://github.com': No such device or address
Clone failed: https://github.com/haydenbleasel/dialog-stack
Processing roadmap-ui...
Cloning into '/tmp/tmp.ZRlMrpBj8N'...
No component directory found in https://github.com/haydenbleasel/roadmap-ui
Processing turborepo-shadcn-ui-tailwindcss...
Cloning into '/tmp/tmp.LrRfMLBPQ1'...
No component directory found in https://github.com/henriqpohl/turborepo-shadcn-ui-tailwindcss
Processing turborepo-shadcn-ui-tailwindcss...
Cloning into '/tmp/tmp.vUfTwgf2dg'...
No component directory found in https://github.com/henriqpohl/turborepo-shadcn-ui-tailwindcss
Processing shadcn-solid...
Cloning into '/tmp/tmp.eSmp9Jz07f'...
No component directory found in https://github.com/hngngn/shadcn-solid
